0 verbose cli C:\Program Files\nodejs\node.exe C:\Program Files\nodejs\node_modules\npm\bin\npm-cli.js
1 info using npm@10.9.2
2 info using node@v22.13.0
3 silly config load:file:C:\Program Files\nodejs\node_modules\npm\npmrc
4 silly config load:file:C:\React-native\Expo-SocialMedia-frontEnd\.npmrc
5 silly config load:file:C:\Users\LENOVO INDIA\.npmrc
6 silly config load:file:C:\Users\LENOVO INDIA\AppData\Roaming\npm\etc\npmrc
7 verbose title npm run android
8 verbose argv "run" "android" "--cache" "-clear"
9 verbose logfile logs-max:10 dir:C:\React-native\Expo-SocialMedia-frontEnd\-clear\_logs\2025-03-22T17_17_32_518Z-
10 verbose logfile C:\React-native\Expo-SocialMedia-frontEnd\-clear\_logs\2025-03-22T17_17_32_518Z-debug-0.log
11 silly logfile done cleaning log files
12 http fetch GET https://registry.npmjs.org/npm attempt 1 failed with ENOENT
13 http fetch GET https://registry.npmjs.org/npm attempt 2 failed with ENOENT
14 verbose cwd C:\React-native\Expo-SocialMedia-frontEnd
15 verbose os Windows_NT 10.0.26100
16 verbose node v22.13.0
17 verbose npm  v10.9.2
18 verbose exit 0
19 info ok
